<?xml version="1.0" encoding="UTF-8"?>
<!-- Generated by org.testng.reporters.JUnitXMLReporter -->
<testsuite ignored="2" hostname="bharath-tyss" failures="0" tests="2" name="GRP-System" time="13.787" errors="0" timestamp="2023-11-22T10:46:12 IST">
  <testcase classname="GroupTests" name="GroupTest" time="12.386"/>
  <testcase classname="GroupTests" name="Title" time="1.371"/>
  <testcase classname="GroupTests" name="withInvalidCreds" time="0.0">
    <ignored/>
  </testcase> <!-- withInvalidCreds -->
  <testcase classname="GroupTests" name="Text" time="0.0">
    <ignored/>
  </testcase> <!-- Text -->
</testsuite> <!-- GRP-System -->
