<?xml version="1.0" encoding="UTF-8"?>
<!-- Generated by org.testng.reporters.JUnitXMLReporter -->
<testsuite ignored="1" hostname="bharath-tyss" failures="0" tests="3" name="GRP-Regression" time="16.597" errors="0" timestamp="2023-11-21T16:35:23 IST">
  <testcase classname="GroupTests" name="GroupTest" time="12.289"/>
  <testcase classname="GroupTests" name="Text" time="1.588"/>
  <testcase classname="GroupTests" name="withInvalidCreds" time="2.692"/>
  <testcase classname="GroupTests" name="Title" time="0.0">
    <ignored/>
  </testcase> <!-- Title -->
</testsuite> <!-- GRP-Regression -->
