<?xml version="1.0" encoding="UTF-8"?>
<testng-results ignored="0" total="1" passed="1" failed="0" skipped="0">
  <reporter-output>
  </reporter-output>
  <suite started-at="2023-12-27T11:54:04 IST" name="Default suite" finished-at="2023-12-27T11:54:18 IST" duration-ms="14040">
    <groups>
    </groups>
    <test started-at="2023-12-27T11:54:04 IST" name="Default test" finished-at="2023-12-27T11:54:18 IST" duration-ms="14040">
      <class name="com.practice.testfiles.LogOutTest">
        <test-method is-config="true" signature="openBrowser()[pri:0, instance:com.practice.testfiles.LogOutTest@6aba2b86]" started-at="2023-12-27T11:54:04 IST" name="openBrowser" finished-at="2023-12-27T11:54:16 IST" duration-ms="11438" status="PASS">
          <reporter-output>
          </reporter-output>
        </test-method> <!-- openBrowser -->
        <test-method signature="emulatorTest()[pri:0, instance:com.practice.testfiles.LogOutTest@6aba2b86]" started-at="2023-12-27T11:54:16 IST" name="emulatorTest" finished-at="2023-12-27T11:54:18 IST" duration-ms="2542" status="PASS">
          <reporter-output>
          </reporter-output>
        </test-method> <!-- emulatorTest -->
        <test-method is-config="true" signature="tearDown()[pri:0, instance:com.practice.testfiles.LogOutTest@6aba2b86]" started-at="2023-12-27T11:54:18 IST" name="tearDown" finished-at="2023-12-27T11:54:18 IST" duration-ms="1" status="PASS">
          <reporter-output>
          </reporter-output>
        </test-method> <!-- tearDown -->
      </class> <!-- com.practice.testfiles.LogOutTest -->
    </test> <!-- Default test -->
  </suite> <!-- Default suite -->
</testng-results>
