<?xml version="1.0" encoding="UTF-8"?>
<testng-results ignored="0" total="1" passed="1" failed="0" skipped="0">
  <reporter-output>
  </reporter-output>
  <suite started-at="2024-01-17T12:52:18 IST" name="Default suite" finished-at="2024-01-17T12:52:44 IST" duration-ms="25578">
    <groups>
    </groups>
    <test started-at="2024-01-17T12:52:18 IST" name="Default test" finished-at="2024-01-17T12:52:44 IST" duration-ms="25578">
      <class name="SeleniumAssignment.SpiceJetExample">
        <test-method signature="Passengers()[pri:0, instance:SeleniumAssignment.SpiceJetExample@7722c3c3]" started-at="2024-01-17T12:52:18 IST" name="Passengers" finished-at="2024-01-17T12:52:44 IST" duration-ms="25522" status="PASS">
          <reporter-output>
          </reporter-output>
        </test-method> <!-- Passengers -->
      </class> <!-- SeleniumAssignment.SpiceJetExample -->
    </test> <!-- Default test -->
  </suite> <!-- Default suite -->
</testng-results>
