<?xml version="1.0" encoding="UTF-8"?>
<testng-results ignored="0" total="1" passed="1" failed="0" skipped="0">
  <reporter-output>
  </reporter-output>
  <suite started-at="2023-11-30T17:10:48 IST" name="Default suite" finished-at="2023-11-30T17:11:24 IST" duration-ms="36172">
    <groups>
    </groups>
    <test started-at="2023-11-30T17:10:48 IST" name="Default test" finished-at="2023-11-30T17:11:24 IST" duration-ms="36172">
      <class name="testcases.fillCandidatesDetails">
        <test-method is-config="true" signature="setUp()[pri:0, instance:testcases.fillCandidatesDetails@7b9a4292]" started-at="2023-11-30T17:10:48 IST" name="setUp" finished-at="2023-11-30T17:11:05 IST" duration-ms="17000" status="PASS">
          <reporter-output>
          </reporter-output>
        </test-method> <!-- setUp -->
        <test-method signature="fillCandDet()[pri:0, instance:testcases.fillCandidatesDetails@7b9a4292]" started-at="2023-11-30T17:11:05 IST" name="fillCandDet" finished-at="2023-11-30T17:11:24 IST" duration-ms="18870" status="PASS">
          <reporter-output>
          </reporter-output>
        </test-method> <!-- fillCandDet -->
        <test-method is-config="true" signature="tearDown()[pri:0, instance:testcases.fillCandidatesDetails@7b9a4292]" started-at="2023-11-30T17:11:24 IST" name="tearDown" finished-at="2023-11-30T17:11:24 IST" duration-ms="199" status="PASS">
          <reporter-output>
          </reporter-output>
        </test-method> <!-- tearDown -->
      </class> <!-- testcases.fillCandidatesDetails -->
    </test> <!-- Default test -->
  </suite> <!-- Default suite -->
</testng-results>
