<?xml version="1.0" encoding="UTF-8"?>
<testng-results ignored="0" total="1" passed="1" failed="0" skipped="0">
  <reporter-output>
  </reporter-output>
  <suite started-at="2024-01-10T16:31:43 IST" name="Default suite" finished-at="2024-01-10T16:32:19 IST" duration-ms="36134">
    <groups>
    </groups>
    <test started-at="2024-01-10T16:31:43 IST" name="Default test" finished-at="2024-01-10T16:32:19 IST" duration-ms="36134">
      <class name="com.hotstar.testFiles.CategoriesColor">
        <test-method is-config="true" signature="openBrowser()[pri:0, instance:com.hotstar.testFiles.CategoriesColor@4567f35d]" started-at="2024-01-10T16:31:43 IST" name="openBrowser" finished-at="2024-01-10T16:32:19 IST" duration-ms="35866" status="PASS">
          <reporter-output>
          </reporter-output>
        </test-method> <!-- openBrowser -->
        <test-method signature="ColorAndTextStyle()[pri:0, instance:com.hotstar.testFiles.CategoriesColor@4567f35d]" started-at="2024-01-10T16:32:19 IST" name="ColorAndTextStyle" finished-at="2024-01-10T16:32:19 IST" duration-ms="195" status="PASS">
          <reporter-output>
          </reporter-output>
        </test-method> <!-- ColorAndTextStyle -->
        <test-method is-config="true" signature="tearDown()[pri:0, instance:com.hotstar.testFiles.CategoriesColor@4567f35d]" started-at="2024-01-10T16:32:19 IST" name="tearDown" finished-at="2024-01-10T16:32:19 IST" duration-ms="1" status="PASS">
          <reporter-output>
          </reporter-output>
        </test-method> <!-- tearDown -->
      </class> <!-- com.hotstar.testFiles.CategoriesColor -->
    </test> <!-- Default test -->
  </suite> <!-- Default suite -->
</testng-results>
