<?xml version="1.0" encoding="UTF-8"?>
<!-- Generated by org.testng.reporters.JUnitXMLReporter -->
<testsuite ignored="0" hostname="bharath-tyss" failures="0" tests="6" name="Default test" time="85.535" errors="0" timestamp="2023-12-01T14:58:11 IST">
  <testcase classname="dataProvider" name="dataTest" time="53.521"/>
  <testcase classname="dataProvider" name="dataTest" time="5.5"/>
  <testcase classname="dataProvider" name="dataTest" time="2.699"/>
  <testcase classname="dataProvider" name="dataTest" time="10.951"/>
  <testcase classname="dataProvider" name="dataTest" time="10.339"/>
  <testcase classname="dataProvider" name="dataTest" time="2.494"/>
</testsuite> <!-- Default test -->
